[2022-02-23][12:04:02][bundler_balancer][INFO] Starting up server...
[2022-02-23][12:04:02][bundler_balancer][INFO] Running on port 9000
[2022-02-23][12:04:02][actix_server::builder][INFO] Starting 24 workers
[2022-02-23][12:04:02][actix_server::builder][INFO] Starting "actix-web-service-127.0.0.1:9000" service on TcpListener { addr: 127.0.0.1:9000, fd: 12 }
[2022-02-23][12:04:45][bundler_balancer::routes::get_tx_data][INFO] Found KI0lc9VoUgrlSTfg7Yag39CBdF_y7y1ff1chSStmvRo at http://node1.bundlr.network
[2022-02-23][12:04:45][actix_web::middleware::logger][INFO] GET /tx/KI0lc9VoUgrlSTfg7Yag39CBdF_y7y1ff1chSStmvRo/data HTTP/1.1 302 127.0.0.1:52526 115.443098ms
[2022-02-23][12:32:15][actix_server::builder][INFO] SIGINT received, starting forced shutdown
[2022-02-23][12:32:15][actix_server::accept][INFO] Paused accepting connections on 127.0.0.1:9000
[2022-02-23][12:32:15][actix_server::worker][INFO] Shutting down worker, 0 connections
[2022-02-23][12:32:15][actix_server::worker][INFO] Shutting down worker, 0 connections
[2022-02-23][12:32:15][actix_server::worker][INFO] Shutting down worker, 0 connections
[2022-02-23][12:32:15][actix_server::worker][INFO] Force shutdown worker, 1 connections
[2022-02-23][12:32:15][actix_server::worker][INFO] Shutting down worker, 0 connections
[2022-02-23][12:32:15][actix_server::worker][INFO] Shutting down worker, 0 connections
[2022-02-23][12:32:29][bundler_balancer][INFO] Starting up server...
[2022-02-23][12:32:29][bundler_balancer][INFO] Running on port 9000
[2022-02-23][12:32:29][actix_server::builder][INFO] Starting 24 workers
[2022-02-23][12:32:29][actix_server::builder][INFO] Starting "actix-web-service-127.0.0.1:9000" service on TcpListener { addr: 127.0.0.1:9000, fd: 12 }
[2022-02-23][12:32:36][bundler_balancer::routes::get_tx_data][INFO] Error occurred while getting HAP88bqIMyJaVr50rVGjBF78hN1zUIOtFWjZnFr-6B4 from http://node1.bundlr.network - Timeout while waiting for response
[2022-02-23][12:32:37][bundler_balancer::routes::get_tx_data][INFO] Error occurred while getting HAP88bqIMyJaVr50rVGjBF78hN1zUIOtFWjZnFr-6B4 from http://node1.bundlr.network - Timeout while waiting for response
[2022-02-23][12:32:38][bundler_balancer::routes::get_tx_data][INFO] Error occurred while getting HAP88bqIMyJaVr50rVGjBF78hN1zUIOtFWjZnFr-6B4 from http://node1.bundlr.network - Timeout while waiting for response
[2022-02-23][12:32:41][bundler_balancer::routes::get_tx_data][INFO] Error occurred while getting HAP88bqIMyJaVr50rVGjBF78hN1zUIOtFWjZnFr-6B4 from http://node2.bundlr.network - Timeout while waiting for response
[2022-02-23][12:32:42][bundler_balancer::routes::get_tx_data][INFO] Error occurred while getting HAP88bqIMyJaVr50rVGjBF78hN1zUIOtFWjZnFr-6B4 from http://node2.bundlr.network - Timeout while waiting for response
[2022-02-23][12:32:43][bundler_balancer::routes::get_tx_data][INFO] Error occurred while getting HAP88bqIMyJaVr50rVGjBF78hN1zUIOtFWjZnFr-6B4 from http://node2.bundlr.network - Timeout while waiting for response
[2022-02-23][12:32:46][bundler_balancer::routes::get_tx_data][INFO] Error occurred while getting HAP88bqIMyJaVr50rVGjBF78hN1zUIOtFWjZnFr-6B4 from http://dev.bundlr.network - Timeout while waiting for response
[2022-02-23][12:32:46][actix_web::middleware::logger][INFO] GET /tx/HAP88bqIMyJaVr50rVGjBF78hN1zUIOtFWjZnFr-6B4/data HTTP/1.1 404 127.0.0.1:52546 15004.852915ms
[2022-02-23][12:32:47][bundler_balancer::routes::get_tx_data][INFO] Error occurred while getting HAP88bqIMyJaVr50rVGjBF78hN1zUIOtFWjZnFr-6B4 from http://dev.bundlr.network - Timeout while waiting for response
[2022-02-23][12:32:47][actix_web::middleware::logger][INFO] GET /tx/HAP88bqIMyJaVr50rVGjBF78hN1zUIOtFWjZnFr-6B4/data HTTP/1.1 404 127.0.0.1:52548 15004.883088ms
[2022-02-23][12:32:48][bundler_balancer::routes::get_tx_data][INFO] Error occurred while getting HAP88bqIMyJaVr50rVGjBF78hN1zUIOtFWjZnFr-6B4 from http://dev.bundlr.network - Timeout while waiting for response
[2022-02-23][12:32:48][actix_web::middleware::logger][INFO] GET /tx/HAP88bqIMyJaVr50rVGjBF78hN1zUIOtFWjZnFr-6B4/data HTTP/1.1 404 127.0.0.1:52550 15006.911614ms
[2022-02-23][12:34:30][bundler_balancer::routes::get_tx_data][INFO] Error occurred while getting HAP88bqIMyJaVr50rVGjBF78hN1zUIOtFWjZnFr-6B4 from http://node1.bundlr.network - Timeout while waiting for response
[2022-02-23][12:34:35][bundler_balancer::routes::get_tx_data][INFO] Error occurred while getting HAP88bqIMyJaVr50rVGjBF78hN1zUIOtFWjZnFr-6B4 from http://node2.bundlr.network - Timeout while waiting for response
[2022-02-23][12:34:40][bundler_balancer::routes::get_tx_data][INFO] Error occurred while getting HAP88bqIMyJaVr50rVGjBF78hN1zUIOtFWjZnFr-6B4 from http://dev.bundlr.network - Timeout while waiting for response
[2022-02-23][12:34:40][actix_web::middleware::logger][INFO] GET /tx/HAP88bqIMyJaVr50rVGjBF78hN1zUIOtFWjZnFr-6B4/data HTTP/1.1 404 127.0.0.1:52554 15005.902625ms
[2022-02-23][12:37:30][bundler_balancer::routes::get_tx_data][INFO] Found HAP88bqIMyJaVr50rVGjBF78hN1zUIOtFWjZnFr-6B4 at http://node1.bundlr.network
[2022-02-23][12:37:30][bundler_balancer::routes::get_tx_data][INFO] Found HAP88bqIMyJaVr50rVGjBF78hN1zUIOtFWjZnFr-6B4 at http://node1.bundlr.network
[2022-02-23][12:37:31][bundler_balancer::routes::get_tx_data][INFO] Found HAP88bqIMyJaVr50rVGjBF78hN1zUIOtFWjZnFr-6B4 at http://node1.bundlr.network
[2022-02-23][12:37:32][bundler_balancer::routes::get_tx_data][INFO] Found HAP88bqIMyJaVr50rVGjBF78hN1zUIOtFWjZnFr-6B4 at http://node1.bundlr.network
[2022-02-23][12:37:32][bundler_balancer::routes::get_tx_data][INFO] Found HAP88bqIMyJaVr50rVGjBF78hN1zUIOtFWjZnFr-6B4 at http://node1.bundlr.network
[2022-02-23][12:37:32][bundler_balancer::routes::get_tx_data][INFO] Found HAP88bqIMyJaVr50rVGjBF78hN1zUIOtFWjZnFr-6B4 at http://node1.bundlr.network
[2022-02-23][12:37:37][bundler_balancer::routes::get_tx_data][INFO] Found HAP88bqIMyJaVr50rVGjBF78hN1zUIOtFWjZnFr-6B4 at http://node1.bundlr.network
[2022-02-23][12:37:37][bundler_balancer::routes::get_tx_data][INFO] Found HAP88bqIMyJaVr50rVGjBF78hN1zUIOtFWjZnFr-6B4 at http://node1.bundlr.network
[2022-02-23][12:37:37][bundler_balancer::routes::get_tx_data][INFO] Found HAP88bqIMyJaVr50rVGjBF78hN1zUIOtFWjZnFr-6B4 at http://node1.bundlr.network
[2022-02-23][12:38:07][bundler_balancer::routes::get_tx_data][INFO] Found HAP88bqIMyJaVr50rVGjBF78hN1zUIOtFWjZnFr-6B4 at http://node1.bundlr.network
[2022-02-23][12:38:07][bundler_balancer::routes::get_tx_data][INFO] Found HAP88bqIMyJaVr50rVGjBF78hN1zUIOtFWjZnFr-6B4 at http://node1.bundlr.network
[2022-02-23][12:38:08][bundler_balancer::routes::get_tx_data][INFO] Found HAP88bqIMyJaVr50rVGjBF78hN1zUIOtFWjZnFr-6B4 at http://node1.bundlr.network
[2022-02-23][12:40:38][bundler_balancer::routes::get_tx_data][INFO] Found HAP88bqIMyJaVr50rVGjBF78hN1zUIOtFWjZnFr-6B4 at http://node1.bundlr.network
[2022-02-23][12:40:38][bundler_balancer::routes::get_tx_data][INFO] Found HAP88bqIMyJaVr50rVGjBF78hN1zUIOtFWjZnFr-6B4 at http://node1.bundlr.network
[2022-02-23][12:40:38][bundler_balancer::routes::get_tx_data][INFO] Found HAP88bqIMyJaVr50rVGjBF78hN1zUIOtFWjZnFr-6B4 at http://node1.bundlr.network
[2022-02-23][12:40:39][bundler_balancer::routes::get_tx_data][INFO] Found HAP88bqIMyJaVr50rVGjBF78hN1zUIOtFWjZnFr-6B4 at http://node1.bundlr.network
[2022-02-23][12:40:39][bundler_balancer::routes::get_tx_data][INFO] Found HAP88bqIMyJaVr50rVGjBF78hN1zUIOtFWjZnFr-6B4 at http://node1.bundlr.network
[2022-02-23][12:40:39][bundler_balancer::routes::get_tx_data][INFO] Found HAP88bqIMyJaVr50rVGjBF78hN1zUIOtFWjZnFr-6B4 at http://node1.bundlr.network
[2022-02-23][12:40:40][bundler_balancer::routes::get_tx_data][INFO] Found HAP88bqIMyJaVr50rVGjBF78hN1zUIOtFWjZnFr-6B4 at http://node1.bundlr.network
[2022-02-23][12:40:40][bundler_balancer::routes::get_tx_data][INFO] Found HAP88bqIMyJaVr50rVGjBF78hN1zUIOtFWjZnFr-6B4 at http://node1.bundlr.network
[2022-02-23][12:40:40][bundler_balancer::routes::get_tx_data][INFO] Found HAP88bqIMyJaVr50rVGjBF78hN1zUIOtFWjZnFr-6B4 at http://node1.bundlr.network
[2022-02-23][12:41:20][actix_server::builder][INFO] SIGINT received, starting forced shutdown
[2022-02-23][12:41:20][actix_server::accept][INFO] Paused accepting connections on 127.0.0.1:9000
[2022-02-23][12:41:20][actix_server::worker][INFO] Shutting down worker, 0 connections
[2022-02-23][12:41:20][actix_server::accept][INFO] Accept is stopped.
[2022-02-23][12:41:20][actix_server::worker][INFO] Shutting down worker, 0 connections
[2022-02-23][12:41:20][actix_server::worker][INFO] Shutting down worker, 0 connections
[2022-02-23][12:41:20][actix_server::worker][INFO] Shutting down worker, 0 connections
[2022-02-23][12:41:20][actix_server::worker][INFO] Shutting down worker, 0 connections
[2022-02-23][12:41:20][actix_server::worker][INFO] Shutting down worker, 0 connections
[2022-02-23][12:41:20][actix_server::worker][INFO] Shutting down worker, 0 connections
[2022-02-23][12:41:36][bundler_balancer][INFO] Starting up server...
[2022-02-23][12:41:36][bundler_balancer][INFO] Running on port 9000
[2022-02-23][12:41:36][actix_server::builder][INFO] Starting 24 workers
[2022-02-23][12:41:36][actix_server::builder][INFO] Starting "actix-web-service-127.0.0.1:9000" service on TcpListener { addr: 127.0.0.1:9000, fd: 12 }
[2022-02-23][12:41:36][bundler_balancer::routes::get_tx_data][INFO] Found HAP88bqIMyJaVr50rVGjBF78hN1zUIOtFWjZnFr-6B4 at http://node1.bundlr.network
[2022-02-23][12:41:36][bundler_balancer::routes::get_tx_data][DEBUG] Headers HeaderMap { inner: {"server": Value { inner: ["cloudflare"] }, "cf-cache-status": Value { inner: ["HIT"] }, "content-type": Value { inner: ["application/json; charset=utf-8"] }, "cache-control": Value { inner: ["max-age=28800"] }, "age": Value { inner: ["246"] }, "nel": Value { inner: ["{\"success_fraction\":0,\"report_to\":\"cf-nel\",\"max_age\":604800}"] }, "date": Value { inner: ["Wed, 23 Feb 2022 12:41:36 GMT"] }, "cf-ray": Value { inner: ["6e2087851d87549a-MAN"] }, "connection": Value { inner: ["keep-alive"] }, "vary": Value { inner: ["Origin, Accept-Encoding"] }, "content-encoding": Value { inner: ["gzip"] }, "report-to": Value { inner: ["{\"endpoints\":[{\"url\":\"https:\/\/a.nel.cloudflare.com\/report\/v3?s=eViVC%2BLudLdxYQI%2FSQWh1T1Cvm5ooZRCU9dsH3aR4g0WTIVSn3x2mrE6iJwhxUwHtJeNTGgmnQyutaE0QsRNFEe9ADiTvCibvWkro8d9ylCc6GnudTgqoG71gOGxeaaBsh7CMAbf\"}],\"group\":\"cf-nel\",\"max_age\":604800}"] }, "last-modified": Value { inner: ["Wed, 23 Feb 2022 12:37:30 GMT"] }} }
[2022-02-23][12:41:36][bundler_balancer::routes::get_tx_data][INFO] Found HAP88bqIMyJaVr50rVGjBF78hN1zUIOtFWjZnFr-6B4 at http://node1.bundlr.network
[2022-02-23][12:41:36][bundler_balancer::routes::get_tx_data][DEBUG] Headers HeaderMap { inner: {"nel": Value { inner: ["{\"success_fraction\":0,\"report_to\":\"cf-nel\",\"max_age\":604800}"] }, "connection": Value { inner: ["keep-alive"] }, "content-type": Value { inner: ["application/json; charset=utf-8"] }, "cache-control": Value { inner: ["max-age=28800"] }, "age": Value { inner: ["246"] }, "vary": Value { inner: ["Origin, Accept-Encoding"] }, "date": Value { inner: ["Wed, 23 Feb 2022 12:41:36 GMT"] }, "last-modified": Value { inner: ["Wed, 23 Feb 2022 12:37:30 GMT"] }, "cf-cache-status": Value { inner: ["HIT"] }, "report-to": Value { inner: ["{\"endpoints\":[{\"url\":\"https:\/\/a.nel.cloudflare.com\/report\/v3?s=fB%2B%2BEqRtK%2B%2FxayUojkMqWJN8FaPIqxlVAycr68tYU%2Fi%2B%2BJkNnvha7nv8wVCIdLMZW3LwCcKImDvkwA3tz%2FbnWDYjwIffaBNOMhbWmt8GmmCoysw5%2B4XaLG7YoD4sqZ8n84VgyIe8\"}],\"group\":\"cf-nel\",\"max_age\":604800}"] }, "server": Value { inner: ["cloudflare"] }, "cf-ray": Value { inner: ["6e2087858ee554c3-MAN"] }, "content-encoding": Value { inner: ["gzip"] }} }
[2022-02-23][12:41:37][bundler_balancer::routes::get_tx_data][INFO] Found HAP88bqIMyJaVr50rVGjBF78hN1zUIOtFWjZnFr-6B4 at http://node1.bundlr.network
[2022-02-23][12:41:37][bundler_balancer::routes::get_tx_data][DEBUG] Headers HeaderMap { inner: {"content-encoding": Value { inner: ["gzip"] }, "cf-cache-status": Value { inner: ["HIT"] }, "content-type": Value { inner: ["application/json; charset=utf-8"] }, "date": Value { inner: ["Wed, 23 Feb 2022 12:41:37 GMT"] }, "cache-control": Value { inner: ["max-age=28800"] }, "connection": Value { inner: ["keep-alive"] }, "vary": Value { inner: ["Origin, Accept-Encoding"] }, "age": Value { inner: ["247"] }, "last-modified": Value { inner: ["Wed, 23 Feb 2022 12:37:30 GMT"] }, "report-to": Value { inner: ["{\"endpoints\":[{\"url\":\"https:\/\/a.nel.cloudflare.com\/report\/v3?s=YrrtXLu2I84yDKQKl5WiilVxxkFbvSKZ86ohxVrpNzvm3r3FOicZif5XqZ%2BKK5%2BbPbxmLEiJa%2BsoSpQZMZRB2vZg6%2BiAOO9CCUFfZxgiLJrqFpHWgDok8Jy3IR0DeKStilAEKcW2\"}],\"group\":\"cf-nel\",\"max_age\":604800}"] }, "nel": Value { inner: ["{\"success_fraction\":0,\"report_to\":\"cf-nel\",\"max_age\":604800}"] }, "server": Value { inner: ["cloudflare"] }, "cf-ray": Value { inner: ["6e2087861c8354ca-MAN"] }} }
[2022-02-23][12:42:38][bundler_balancer::routes::get_tx_data][INFO] Found HAP88bqIMyJaVr50rVGjBF78hN1zUIOtFWjZnFr-6B4 at http://node1.bundlr.network
[2022-02-23][12:42:38][bundler_balancer::routes::get_tx_data][DEBUG] Headers HeaderMap { inner: {"cf-cache-status": Value { inner: ["DYNAMIC"] }, "nel": Value { inner: ["{\"success_fraction\":0,\"report_to\":\"cf-nel\",\"max_age\":604800}"] }, "connection": Value { inner: ["keep-alive"] }, "vary": Value { inner: ["Origin"] }, "cf-ray": Value { inner: ["6e2089065db454cf-MAN"] }, "content-encoding": Value { inner: ["gzip"] }, "report-to": Value { inner: ["{\"endpoints\":[{\"url\":\"https:\/\/a.nel.cloudflare.com\/report\/v3?s=Kmaccl5nEBM3ntWuKxlrbpQvEEEzQUCz1CKPSM5ludHieATYs9Oje%2FT64FlvkkIUpXYO6Hl4aMH9qZGBoOtV6PjgNk%2F0MSCZ65QBHiRrbeQrZ8dl10uth%2Bbmc5HQ5VloNJE4bHf%2F\"}],\"group\":\"cf-nel\",\"max_age\":604800}"] }, "server": Value { inner: ["cloudflare"] }, "date": Value { inner: ["Wed, 23 Feb 2022 12:42:38 GMT"] }, "content-type": Value { inner: ["application/json; charset=utf-8"] }} }
[2022-02-23][12:42:39][bundler_balancer::routes::get_tx_data][INFO] Found HAP88bqIMyJaVr50rVGjBF78hN1zUIOtFWjZnFr-6B4 at http://node1.bundlr.network
[2022-02-23][12:42:39][bundler_balancer::routes::get_tx_data][DEBUG] Headers HeaderMap { inner: {"connection": Value { inner: ["keep-alive"] }, "date": Value { inner: ["Wed, 23 Feb 2022 12:42:39 GMT"] }, "nel": Value { inner: ["{\"success_fraction\":0,\"report_to\":\"cf-nel\",\"max_age\":604800}"] }, "report-to": Value { inner: ["{\"endpoints\":[{\"url\":\"https:\/\/a.nel.cloudflare.com\/report\/v3?s=AWmCGMX3omGsqPmxHo3gkdSEPfrYUTNDHWIhKxgwP7iBvKLgCOqCUsWzDFDWQB%2FXglZDeIOSkm12AWoP5UlyhwiznqpYcgddx25v3s30MvC5XOSGv7g9TcsDI6%2FnzNTKu25SnmS4\"}],\"group\":\"cf-nel\",\"max_age\":604800}"] }, "cf-ray": Value { inner: ["6e208909e86954a5-MAN"] }, "vary": Value { inner: ["Origin"] }, "server": Value { inner: ["cloudflare"] }, "cf-cache-status": Value { inner: ["DYNAMIC"] }, "content-type": Value { inner: ["application/json; charset=utf-8"] }, "content-encoding": Value { inner: ["gzip"] }} }
[2022-02-23][12:42:39][bundler_balancer::routes::get_tx_data][INFO] Found HAP88bqIMyJaVr50rVGjBF78hN1zUIOtFWjZnFr-6B4 at http://node1.bundlr.network
[2022-02-23][12:42:39][bundler_balancer::routes::get_tx_data][DEBUG] Headers HeaderMap { inner: {"date": Value { inner: ["Wed, 23 Feb 2022 12:42:39 GMT"] }, "cf-ray": Value { inner: ["6e20890c0b3335ef-MAN"] }, "server": Value { inner: ["cloudflare"] }, "vary": Value { inner: ["Origin"] }, "connection": Value { inner: ["keep-alive"] }, "nel": Value { inner: ["{\"success_fraction\":0,\"report_to\":\"cf-nel\",\"max_age\":604800}"] }, "report-to": Value { inner: ["{\"endpoints\":[{\"url\":\"https:\/\/a.nel.cloudflare.com\/report\/v3?s=ehHaeY73xdkMSEYASftInlJiloevF1Q5UT9UBBRqSYU7cORYI9mlSe8m4%2FkcnIgd7M8WBBm2yzISdpvXZTHJ0L9SQuUL9HwpbT7I3sXE%2BE%2FO5GJTAamvdotn4vWAxuGLL6sUqT5P\"}],\"group\":\"cf-nel\",\"max_age\":604800}"] }, "content-encoding": Value { inner: ["gzip"] }, "cf-cache-status": Value { inner: ["DYNAMIC"] }, "content-type": Value { inner: ["application/json; charset=utf-8"] }} }
[2022-02-23][12:42:42][bundler_balancer::routes::get_tx_data][INFO] Found HAP88bqIMyJaVr50rVGjBF78hN1zUIOtFWjZnFr-6B4 at http://node1.bundlr.network
[2022-02-23][12:42:42][bundler_balancer::routes::get_tx_data][DEBUG] Headers HeaderMap { inner: {"vary": Value { inner: ["Origin"] }, "date": Value { inner: ["Wed, 23 Feb 2022 12:42:42 GMT"] }, "server": Value { inner: ["cloudflare"] }, "connection": Value { inner: ["keep-alive"] }, "content-encoding": Value { inner: ["gzip"] }, "cf-cache-status": Value { inner: ["DYNAMIC"] }, "report-to": Value { inner: ["{\"endpoints\":[{\"url\":\"https:\/\/a.nel.cloudflare.com\/report\/v3?s=enmjPmTdkPVGEndfE9U3cVJ3OVnD4MwInCI19AfrJ5rpU%2BnBr4Td5JptXR1%2FvlxILM3t0y5ARDp%2FUqqMLv%2FDG1hvQNvnxEyBftUU18ffRgjxcsOPCPwuzebcFlCjGxnyi%2FCz9fLY\"}],\"group\":\"cf-nel\",\"max_age\":604800}"] }, "cf-ray": Value { inner: ["6e20891ef93c54a5-MAN"] }, "nel": Value { inner: ["{\"success_fraction\":0,\"report_to\":\"cf-nel\",\"max_age\":604800}"] }, "content-type": Value { inner: ["application/json; charset=utf-8"] }} }
[2022-02-23][12:42:42][bundler_balancer::routes::get_tx_data][INFO] Found HAP88bqIMyJaVr50rVGjBF78hN1zUIOtFWjZnFr-6B4 at http://node1.bundlr.network
[2022-02-23][12:42:42][bundler_balancer::routes::get_tx_data][DEBUG] Headers HeaderMap { inner: {"cf-ray": Value { inner: ["6e208920da5fbfe8-MAN"] }, "cf-cache-status": Value { inner: ["DYNAMIC"] }, "content-type": Value { inner: ["application/json; charset=utf-8"] }, "report-to": Value { inner: ["{\"endpoints\":[{\"url\":\"https:\/\/a.nel.cloudflare.com\/report\/v3?s=dJvuAlfYIevdJOAZfsYsIEnk%2BPkET2cpVDO1p1woUclx%2BFdO%2B2MEjm%2BozfbVkb4MNefs7bH9ZNvGDUkwAok0x%2BcZi6cDZ7u7WR0XbG0eZDrTT5Yo7PvMZ0FjEmAIivca7zj9Iazf\"}],\"group\":\"cf-nel\",\"max_age\":604800}"] }, "connection": Value { inner: ["keep-alive"] }, "server": Value { inner: ["cloudflare"] }, "date": Value { inner: ["Wed, 23 Feb 2022 12:42:42 GMT"] }, "content-encoding": Value { inner: ["gzip"] }, "nel": Value { inner: ["{\"success_fraction\":0,\"report_to\":\"cf-nel\",\"max_age\":604800}"] }, "vary": Value { inner: ["Origin"] }} }
[2022-02-23][12:42:43][bundler_balancer::routes::get_tx_data][INFO] Found HAP88bqIMyJaVr50rVGjBF78hN1zUIOtFWjZnFr-6B4 at http://node1.bundlr.network
[2022-02-23][12:42:43][bundler_balancer::routes::get_tx_data][DEBUG] Headers HeaderMap { inner: {"cf-ray": Value { inner: ["6e208922b80b1893-MAN"] }, "report-to": Value { inner: ["{\"endpoints\":[{\"url\":\"https:\/\/a.nel.cloudflare.com\/report\/v3?s=ulDRkfSxEHUMk0H1YITddOf0sfWVR1a5pKjHI44QiAu8vTLoUQUth2JIXp4seUEBnGVZFUCXZPTpwRy4uju9I0UeskLdWORep0gFgiWnHPy2l6y1iSreXdZHhgvnUHwzQw6G8tEG\"}],\"group\":\"cf-nel\",\"max_age\":604800}"] }, "nel": Value { inner: ["{\"success_fraction\":0,\"report_to\":\"cf-nel\",\"max_age\":604800}"] }, "server": Value { inner: ["cloudflare"] }, "content-type": Value { inner: ["application/json; charset=utf-8"] }, "cf-cache-status": Value { inner: ["DYNAMIC"] }, "vary": Value { inner: ["Origin"] }, "content-encoding": Value { inner: ["gzip"] }, "date": Value { inner: ["Wed, 23 Feb 2022 12:42:43 GMT"] }, "connection": Value { inner: ["keep-alive"] }} }
[2022-02-23][12:45:27][actix_server::builder][INFO] SIGINT received, starting forced shutdown
[2022-02-23][12:45:27][actix_server::worker][INFO] Shutting down worker, 0 connections
[2022-02-23][12:45:27][actix_server::worker][INFO] Shutting down worker, 0 connections
[2022-02-23][12:45:27][actix_server::worker][INFO] Shutting down worker, 0 connections
[2022-02-23][12:45:27][actix_server::worker][INFO] Shutting down worker, 0 connections
[2022-02-23][12:45:27][actix_server::worker][INFO] Shutting down worker, 0 connections
[2022-02-23][12:45:27][actix_server::worker][INFO] Shutting down worker, 0 connections
[2022-02-23][12:45:27][actix_server::worker][INFO] Shutting down worker, 0 connections
[2022-02-23][12:45:27][actix_server::worker][INFO] Shutting down worker, 0 connections
[2022-02-23][12:45:42][bundler_balancer][INFO] Starting up server...
[2022-02-23][12:45:42][bundler_balancer][INFO] Running on port 9000
[2022-02-23][12:45:42][actix_server::builder][INFO] Starting 24 workers
[2022-02-23][12:45:42][actix_server::builder][INFO] Starting "actix-web-service-127.0.0.1:9000" service on TcpListener { addr: 127.0.0.1:9000, fd: 12 }
[2022-02-23][12:45:57][bundler_balancer::routes::get_tx_data][INFO] Found HAP88bqIMyJaVr50rVGjBF78hN1zUIOtFWjZnFr-6B4 at http://node1.bundlr.network
[2022-02-23][12:45:57][bundler_balancer::routes::get_tx_data][DEBUG] Headers HeaderMap { inner: {"content-type": Value { inner: ["application/json; charset=utf-8"] }, "nel": Value { inner: ["{\"success_fraction\":0,\"report_to\":\"cf-nel\",\"max_age\":604800}"] }, "report-to": Value { inner: ["{\"endpoints\":[{\"url\":\"https:\/\/a.nel.cloudflare.com\/report\/v3?s=ZxQsdMld96qFh8vfNeISqRsBZmg06ejCgig2MxJZc0A9g%2F34vZQP6rV3nOMIHDKoU5ZbIQtcMRKgO1PU1CFcYLiz6pASACmDQhHPq6FUWptdIRT8XMWfUQa5tUQALimfgqCCeCFU\"}],\"group\":\"cf-nel\",\"max_age\":604800}"] }, "date": Value { inner: ["Wed, 23 Feb 2022 12:45:57 GMT"] }, "server": Value { inner: ["cloudflare"] }, "cf-cache-status": Value { inner: ["DYNAMIC"] }, "connection": Value { inner: ["keep-alive"] }, "cf-ray": Value { inner: ["6e208de1895354d0-MAN"] }, "vary": Value { inner: ["Origin"] }, "content-encoding": Value { inner: ["gzip"] }} }
[2022-02-23][12:45:57][actix_web::middleware::logger][INFO] GET /tx/HAP88bqIMyJaVr50rVGjBF78hN1zUIOtFWjZnFr-6B4/data HTTP/1.1 302 127.0.0.1:52620 418.715433ms
